Collaboration server running on http://localhost:9084
WebSocket server ready for connections
User connected: z4VVOc36rGA_g5mpAAAC
User admin@ubecode.local joining workspace workspace-1764814043300
Active users in workspace-workspace-1764814043300: 1
User admin@ubecode.local joining workspace workspace-1764814043300
Active users in workspace-workspace-1764814043300: 1
Grid update in workspace-workspace-1764814043300: {
  textBlocks: [
    {
      id: 'analyzed-analyzedtext17647225266270-0',
      content: 'Environment\n' +
        '\n' +
        'React frontend with Go backend.\n' +
        'Runs as a web application and renders to an Android screen. simulates the form factors of android',
      x: 219.2842526808028,
      y: 59.905501115591534,
      tags: [],
      width: 300,
      height: 301.43904243162285,
      cardName: 'Environment'
    },
    {
      id: 'analyzed-analyzedtext17647239958891-1',
      content: 'Use the Floware APIs to display emails with an AI summary in an Android app.  \n' +
        '\n' +
        'To create a web application using the Floware APIs. This proves that anybody can build a Floware application if the APIs were Publically documented',
      x: 641.8346466868611,
      y: 52.68705162985401,
      tags: [],
      width: 300,
      height: 399.2854490350307,
      cardName: 'Idea'
    },
    {
      id: 'analyzed-analyzedtext17648213851353-2',
      content: 'What is the problem/challenge?\n' +
        'Building applications for Flo has been closed development since the beginning. But, there might be some benefit from opening this up to other developers to build their own apps: a.) it would get us users quickly b.) we can generate new ideas. c.) we could charge for a developers license',
      x: 1077.8202988421895,
      y: 52.68705162985401,
      tags: [],
      width: 300,
      height: 434.8528618966549,
      cardName: 'Problem Statement'
    },
    {
      id: 'analyzed-analyzedtext17648214747174-3',
      content: 'What is the solution?\n' +
        '\n' +
        'This is a POC to show that it is realitively easy to build a simple Flo app as long as the API endpoints are known.',
      x: 1540.6764672960583,
      y: 125.2374456359124,
      tags: [],
      width: 300,
      height: 285.98565215532847,
      cardName: 'Solution'
    },
    {
      id: 'analyzed-text1764722526627-4',
      content: 'Environment\n' +
        '\n' +
        'React frontend with Go backend.\n' +
        'Runs as a web application and renders to an Android screen. simulates the form factors of android',
      x: 448.0643908496912,
      y: 535.9025310307819,
      tags: [],
      width: 300,
      height: 286.68427262338673,
      cardName: 'Environment'
    },
    {
      id: 'analyzed-text1764723995889-5',
      content: 'Use the Floware APIs to display emails with an AI summary in an Android app',
      x: 984.4245658199012,
      y: 739.1465150427106,
      tags: [],
      width: 300,
      height: 200,
      cardName: 'Idea'
    },
    {
      id: 'analyzed-text1764820962150-6',
      content: 'To create a web application using the Floware APIs. This proves that anybody can build a Floware application if the APIs were Publically documented',
      x: 1545.5227409910892,
      y: 499.76225529017216,
      tags: [],
      width: 300,
      height: 283.2986005254744,
      cardName: 'Idea'
    },
    {
      id: 'analyzed-text1764821385135-7',
      content: 'What is the problem/challenge?\n' +
        'Building applications for Flo has been closed development since the beginning. But, there might be some benefit from opening this up to other developers to build their own apps: a.) it would get us users quickly b.) we can generate new ideas. c.) we could charge for a developers license',
      x: 1546.9413042715128,
      y: 868.3616579712345,
      tags: [],
      width: 300,
      height: 371.52419902074394,
      cardName: 'Problem Statement'
    },
    {
      id: 'analyzed-text1764821474717-8',
      content: 'What is the solution?\n' +
        '\n' +
        'This is a POC to show that it is realitively easy to build a simple Flo app as long as the API endpoints are known.',
      x: 542.440442349878,
      y: 1022.1526338635535,
      tags: [],
      width: 300,
      height: 200,
      cardName: 'Solution'
    }
  ],
  imageBlocks: [],
  shapeBlocks: [],
  connections: [
    {
      id: 'conn-9',
      from: 'analyzed-analyzedtext17647225266270-0',
      to: 'analyzed-analyzedtext17647239958891-1'
    },
    {
      id: 'conn-10',
      from: 'analyzed-analyzedtext17647239958891-1',
      to: 'analyzed-analyzedtext17648213851353-2'
    },
    {
      id: 'conn-11',
      from: 'analyzed-analyzedtext17648213851353-2',
      to: 'analyzed-analyzedtext17648214747174-3'
    },
    {
      id: 'conn-12',
      from: 'analyzed-text1764722526627-4',
      to: 'analyzed-text1764723995889-5'
    },
    {
      id: 'conn-13',
      from: 'analyzed-text1764820962150-6',
      to: 'analyzed-text1764821385135-7'
    },
    {
      id: 'conn-14',
      from: 'analyzed-text1764821385135-7',
      to: 'analyzed-text1764821474717-8'
    }
  ],
  zoom: 0.7273352311799927,
  scrollLeft: 0,
  scrollTop: 0
}
User admin@ubecode.local joining workspace workspace-1764814043300
Active users in workspace-workspace-1764814043300: 1
User admin@ubecode.local joining workspace workspace-1764814043300
Active users in workspace-workspace-1764814043300: 1
Grid update in workspace-workspace-1764814043300: full-update
User disconnected: z4VVOc36rGA_g5mpAAAC
User left workspace-workspace-1764814043300. Remaining users: 0
User connected: jTdqAQbVJJuf2qW6AAAF
User admin@ubecode.local joining workspace workspace-1764814043300
Active users in workspace-workspace-1764814043300: 1
User admin@ubecode.local joining workspace workspace-1764814043300
Active users in workspace-workspace-1764814043300: 1
Grid update in workspace-workspace-1764814043300: {
  textBlocks: [
    {
      id: 'analyzed-analyzedtext17647225266270-0',
      content: 'Environment\n' +
        '\n' +
        'React frontend with Go backend.\n' +
        'Runs as a web application and renders to an Android screen. simulates the form factors of android',
      x: 219.2842526808028,
      y: 59.905501115591534,
      tags: [],
      width: 300,
      height: 301.43904243162285,
      cardName: 'Environment'
    },
    {
      id: 'analyzed-analyzedtext17647239958891-1',
      content: 'Use the Floware APIs to display emails with an AI summary in an Android app.  \n' +
        '\n' +
        'To create a web application using the Floware APIs. This proves that anybody can build a Floware application if the APIs were Publically documented',
      x: 641.8346466868611,
      y: 52.68705162985401,
      tags: [],
      width: 300,
      height: 399.2854490350307,
      cardName: 'Idea'
    },
    {
      id: 'analyzed-analyzedtext17648213851353-2',
      content: 'What is the problem/challenge?\n' +
        'Building applications for Flo has been closed development since the beginning. But, there might be some benefit from opening this up to other developers to build their own apps: a.) it would get us users quickly b.) we can generate new ideas. c.) we could charge for a developers license',
      x: 1077.8202988421895,
      y: 52.68705162985401,
      tags: [],
      width: 300,
      height: 434.8528618966549,
      cardName: 'Problem Statement'
    },
    {
      id: 'analyzed-analyzedtext17648214747174-3',
      content: 'What is the solution?\n' +
        '\n' +
        'This is a POC to show that it is realitively easy to build a simple Flo app as long as the API endpoints are known.',
      x: 1540.6764672960583,
      y: 125.2374456359124,
      tags: [],
      width: 300,
      height: 285.98565215532847,
      cardName: 'Solution'
    },
    {
      id: 'analyzed-text1764722526627-4',
      content: 'Environment\n' +
        '\n' +
        'React frontend with Go backend.\n' +
        'Runs as a web application and renders to an Android screen. simulates the form factors of android',
      x: 448.0643908496912,
      y: 535.9025310307819,
      tags: [],
      width: 300,
      height: 286.68427262338673,
      cardName: 'Environment'
    },
    {
      id: 'analyzed-text1764723995889-5',
      content: 'Use the Floware APIs to display emails with an AI summary in an Android app',
      x: 984.4245658199012,
      y: 739.1465150427106,
      tags: [],
      width: 300,
      height: 200,
      cardName: 'Idea'
    },
    {
      id: 'analyzed-text1764820962150-6',
      content: 'To create a web application using the Floware APIs. This proves that anybody can build a Floware application if the APIs were Publically documented',
      x: 1545.5227409910892,
      y: 499.76225529017216,
      tags: [],
      width: 300,
      height: 283.2986005254744,
      cardName: 'Idea'
    },
    {
      id: 'analyzed-text1764821385135-7',
      content: 'What is the problem/challenge?\n' +
        'Building applications for Flo has been closed development since the beginning. But, there might be some benefit from opening this up to other developers to build their own apps: a.) it would get us users quickly b.) we can generate new ideas. c.) we could charge for a developers license',
      x: 1546.9413042715128,
      y: 868.3616579712345,
      tags: [],
      width: 300,
      height: 371.52419902074394,
      cardName: 'Problem Statement'
    },
    {
      id: 'analyzed-text1764821474717-8',
      content: 'What is the solution?\n' +
        '\n' +
        'This is a POC to show that it is realitively easy to build a simple Flo app as long as the API endpoints are known.',
      x: 542.440442349878,
      y: 1022.1526338635535,
      tags: [],
      width: 300,
      height: 200,
      cardName: 'Solution'
    }
  ],
  imageBlocks: [],
  shapeBlocks: [],
  connections: [
    {
      id: 'conn-9',
      from: 'analyzed-analyzedtext17647225266270-0',
      to: 'analyzed-analyzedtext17647239958891-1'
    },
    {
      id: 'conn-10',
      from: 'analyzed-analyzedtext17647239958891-1',
      to: 'analyzed-analyzedtext17648213851353-2'
    },
    {
      id: 'conn-11',
      from: 'analyzed-analyzedtext17648213851353-2',
      to: 'analyzed-analyzedtext17648214747174-3'
    },
    {
      id: 'conn-12',
      from: 'analyzed-text1764722526627-4',
      to: 'analyzed-text1764723995889-5'
    },
    {
      id: 'conn-13',
      from: 'analyzed-text1764820962150-6',
      to: 'analyzed-text1764821385135-7'
    },
    {
      id: 'conn-14',
      from: 'analyzed-text1764821385135-7',
      to: 'analyzed-text1764821474717-8'
    }
  ],
  zoom: 0.7273352311799927,
  scrollLeft: 0,
  scrollTop: 0
}
User admin@ubecode.local joining workspace workspace-1764814043300
Active users in workspace-workspace-1764814043300: 1
User admin@ubecode.local joining workspace workspace-1764814043300
Active users in workspace-workspace-1764814043300: 1
Grid update in workspace-workspace-1764814043300: full-update
